TN:
SF:src/components/City.tsx
FN:23,formatCityList
FN:25,(anonymous_1)
FN:37,CityList
FNF:3
FNH:0
FNDA:0,formatCityList
FNDA:0,(anonymous_1)
FNDA:0,CityList
DA:14,0
DA:24,0
DA:25,0
DA:26,0
DA:27,0
DA:28,0
DA:29,0
DA:31,0
DA:34,0
DA:38,0
DA:39,0
DA:40,0
LF:12
LH:0
BRDA:23,0,0,0
BRDA:26,1,0,0
BRDA:26,1,1,0
BRDA:28,2,0,0
BRDA:28,2,1,0
BRF:5
BRH:0
end_of_record
TN:
SF:src/components/CityItem.tsx
FN:19,CityItem
FN:22,(anonymous_1)
FN:24,(anonymous_2)
FN:26,(anonymous_3)
FNF:4
FNH:0
FNDA:0,CityItem
FNDA:0,(anonymous_1)
FNDA:0,(anonymous_2)
FNDA:0,(anonymous_3)
DA:20,0
DA:23,0
DA:24,0
DA:25,0
DA:26,0
DA:27,0
DA:31,0
DA:32,0
DA:35,0
LF:9
LH:0
BRDA:22,0,0,0
BRDA:22,0,1,0
BRDA:27,1,0,0
BRDA:27,1,1,0
BRF:4
BRH:0
end_of_record
TN:
SF:src/components/CouponItem.tsx
FN:18,(anonymous_0)
FN:27,(anonymous_1)
FN:31,(anonymous_2)
FN:43,(anonymous_3)
FN:48,(anonymous_4)
FN:50,(anonymous_5)
FN:52,(anonymous_6)
FN:58,(anonymous_7)
FN:63,(anonymous_8)
FN:64,(anonymous_9)
FNF:10
FNH:0
FNDA:0,(anonymous_0)
FNDA:0,(anonymous_1)
FNDA:0,(anonymous_2)
FNDA:0,(anonymous_3)
FNDA:0,(anonymous_4)
FNDA:0,(anonymous_5)
FNDA:0,(anonymous_6)
FNDA:0,(anonymous_7)
FNDA:0,(anonymous_8)
FNDA:0,(anonymous_9)
DA:19,0
DA:20,0
DA:21,0
DA:28,0
DA:32,0
DA:44,0
DA:45,0
DA:53,0
DA:54,0
DA:58,0
DA:64,0
LF:11
LH:0
BRF:0
BRH:0
end_of_record
TN:
SF:src/components/ReactAsyncLoader.tsx
FN:7,ReactAsyncLoader
FN:11,(anonymous_1)
FN:18,(anonymous_2)
FN:25,(anonymous_3)
FNF:4
FNH:0
FNDA:0,ReactAsyncLoader
FNDA:0,(anonymous_1)
FNDA:0,(anonymous_2)
FNDA:0,(anonymous_3)
DA:12,0
DA:13,0
DA:19,0
DA:20,0
DA:26,0
DA:28,0
DA:32,0
LF:7
LH:0
BRDA:28,0,0,0
BRDA:28,0,1,0
BRF:2
BRH:0
end_of_record
TN:
SF:src/components/User.tsx
FN:16,User
FN:17,(anonymous_1)
FN:24,(anonymous_2)
FN:28,(anonymous_3)
FN:32,(anonymous_4)
FN:41,(anonymous_5)
FN:42,(anonymous_6)
FNF:7
FNH:4
FNDA:2,User
FNDA:0,(anonymous_1)
FNDA:2,(anonymous_2)
FNDA:0,(anonymous_3)
FNDA:2,(anonymous_4)
FNDA:2,(anonymous_5)
FNDA:0,(anonymous_6)
DA:17,2
DA:18,0
DA:22,2
DA:25,2
DA:28,0
DA:32,2
DA:41,2
DA:42,0
LF:8
LH:5
BRF:0
BRH:0
end_of_record
